<?xml version="1.0" encoding="utf-8"?><testsuites name="pytest tests"><testsuite name="pytest" errors="0" failures="0" skipped="0" tests="7" time="22.309" timestamp="2026-03-12T22:58:15.079417+00:00" hostname="agent-env-eef1373c-5216-4d3d-941d-0a7a18af9aaf"><testcase classname="backend.tests.test_ecommerce_api" name="test_health" time="1.106" /><testcase classname="backend.tests.test_ecommerce_api" name="test_auth_login_and_me" time="2.813" /><testcase classname="backend.tests.test_ecommerce_api" name="test_products_list_and_detail" time="1.218" /><testcase classname="backend.tests.test_ecommerce_api" name="test_cart_add_update_remove_get" time="4.358" /><testcase classname="backend.tests.test_ecommerce_api" name="test_order_cod_create_and_list" time="4.326" /><testcase classname="backend.tests.test_ecommerce_api" name="test_stripe_checkout_session_and_status" time="5.668" /><testcase classname="backend.tests.test_ecommerce_api" name="test_account_settings_and_profile" time="2.590" /></testsuite></testsuites>